[21:44:30] [ServerMain/INFO]: [bootstrap] Running Java 21 (OpenJDK 64-Bit Server VM 21.0.6+7-LTS; Azul Systems, Inc. Zulu21.40+17-CA) on Windows 11 10.0 (amd64)
[21:44:30] [ServerMain/INFO]: [bootstrap] Loading Paper 1.21.8-60-main@29c8822 (2025-09-06T21:49:13Z) for Minecraft 1.21.8
[21:44:30] [ServerMain/INFO]: [PluginInitializerManager] Initializing plugins...
[21:44:31] [Paper Plugin Remapper Thread - 2/INFO]: [PluginRemapper] Remapping plugin 'C:\Users\janni\Desktop\Intellij\Paper\PotionBrewingDisabler\build\libs\PotionBrewingDisabler-1.0.0.jar'...
[21:44:31] [Paper Plugin Remapper Thread - 2/INFO]: [PluginRemapper] Done remapping plugin 'C:\Users\janni\Desktop\Intellij\Paper\PotionBrewingDisabler\build\libs\PotionBrewingDisabler-1.0.0.jar' in 430ms.
[21:44:31] [ServerMain/INFO]: [PluginInitializerManager] Initialized 1 plugin
[21:44:31] [ServerMain/INFO]: [PluginInitializerManager] Bukkit plugins (1):
 - PotionBrewingDisabler (1.0.0)
[21:44:35] [ServerMain/INFO]: Environment: Environment[sessionHost=https://sessionserver.mojang.com, servicesHost=https://api.minecraftservices.com, name=PROD]
[21:44:35] [ServerMain/INFO]: Found new data pack file/bukkit, loading it automatically
[21:44:35] [ServerMain/INFO]: Found new data pack paper, loading it automatically
[21:44:36] [ServerMain/INFO]: No existing world data, creating new world
[21:44:37] [ServerMain/INFO]: Loaded 1407 recipes
[21:44:37] [ServerMain/INFO]: Loaded 1520 advancements
[21:44:37] [ServerMain/INFO]: [ca.spottedleaf.dataconverter.minecraft.datatypes.MCTypeRegistry] Initialising converters for DataConverter...
[21:44:37] [ServerMain/INFO]: [ca.spottedleaf.dataconverter.minecraft.datatypes.MCTypeRegistry] Finished initialising converters for DataConverter in 341.1ms
[21:44:37] [Server thread/INFO]: Starting minecraft server version 1.21.8
[21:44:37] [Server thread/INFO]: Loading properties
[21:44:37] [Server thread/INFO]: This server is running Paper version 1.21.8-60-main@29c8822 (2025-09-06T21:49:13Z) (Implementing API version 1.21.8-R0.1-SNAPSHOT)
[21:44:37] [Server thread/INFO]: [spark] This server bundles the spark profiler. For more information please visit https://docs.papermc.io/paper/profiling
[21:44:37] [Server thread/INFO]: Server Ping Player Sample Count: 12
[21:44:37] [Server thread/INFO]: Using 4 threads for Netty based IO
[21:44:38] [Server thread/INFO]: [MoonriseCommon] Paper is using 3 worker threads, 1 I/O threads
[21:44:38] [Server thread/INFO]: [ChunkTaskScheduler] Chunk system is using population gen parallelism: true
[21:44:38] [Server thread/INFO]: Default game type: SURVIVAL
[21:44:38] [Server thread/INFO]: Generating keypair
[21:44:38] [Server thread/INFO]: Starting Minecraft server on *:25565
[21:44:38] [Server thread/INFO]: Using default channel type
[21:44:38] [Server thread/INFO]: Paper: Using Java compression from Velocity.
[21:44:38] [Server thread/INFO]: Paper: Using Java cipher from Velocity.
[21:44:38] [Server thread/INFO]: [PBD] Loading server plugin PotionBrewingDisabler v1.0.0
[21:44:38] [Server thread/INFO]: Preparing level "world"
[21:44:42] [Server thread/INFO]: Preparing start region for dimension minecraft:overworld
[21:44:42] [Server thread/INFO]: Preparing spawn area: 0%
[21:44:43] [Server thread/INFO]: Preparing spawn area: 8%
[21:44:43] [Server thread/INFO]: Preparing spawn area: 32%
[21:44:44] [Server thread/INFO]: Preparing spawn area: 73%
[21:44:44] [Server thread/INFO]: Time elapsed: 1767 ms
[21:44:44] [Server thread/INFO]: Preparing start region for dimension minecraft:the_nether
[21:44:44] [Server thread/INFO]: Preparing spawn area: 2%
[21:44:45] [Server thread/INFO]: Preparing spawn area: 32%
[21:44:45] [Server thread/INFO]: Time elapsed: 943 ms
[21:44:45] [Server thread/INFO]: Preparing start region for dimension minecraft:the_end
[21:44:45] [Server thread/INFO]: Preparing spawn area: 2%
[21:44:45] [Server thread/INFO]: Time elapsed: 156 ms
[21:44:45] [Server thread/INFO]: [PBD] Enabling PotionBrewingDisabler v1.0.0
[21:44:45] [Server thread/INFO]: [PBD] PotionBrewingDisabler enabled!
[21:44:45] [Server thread/INFO]: [spark] Starting background profiler...
[21:44:45] [Server thread/INFO]: [spark] The async-profiler engine is not supported for your os/arch (windows11/amd64), so the built-in Java engine will be used instead.
[21:44:45] [Server thread/INFO]: Done preparing level "world" (7.162s)
[21:44:46] [Server thread/INFO]: Running delayed init tasks
[21:44:46] [Server thread/INFO]: Done (16.148s)! For help, type "help"
[21:44:46] [Server thread/INFO]: *************************************************************************************
[21:44:46] [Server thread/INFO]: This is the first time you're starting this server.
[21:44:46] [Server thread/INFO]: It's recommended you read our 'Getting Started' documentation for guidance.
[21:44:46] [Server thread/INFO]: View this and more helpful information here: https://docs.papermc.io/paper/next-steps
[21:44:46] [Server thread/INFO]: *************************************************************************************
[21:46:01] [User Authenticator #0/INFO]: UUID of player Mobilestars109 is c828a9b9-2278-4d43-b60e-473de6b377a2
[21:46:02] [Server thread/INFO]: Mobilestars109 joined the game
[21:46:02] [Server thread/INFO]: Mobilestars109[/127.0.0.1:64758] logged in with entity id 29 at ([world]9.5, 76.0, 8.5)
[21:46:30] [Server thread/INFO]: Made Mobilestars109 a server operator
[21:46:34] [Server thread/INFO]: [Mobilestars109: Set own game mode to Creative Mode]
[21:48:14] [Server thread/INFO]: Mobilestars109 has made the advancement [Local Brewery]
